<?xml version="1.0" encoding="UTF-8"?>
<!-- Generated by org.testng.reporters.JUnitXMLReporter -->
<testsuite ignored="0" hostname="kass-mac" failures="0" tests="5" name="Test" time="6.863" errors="0" timestamp="14 May 2024 12:03:16 GMT">
  <testcase classname="googleAPITest.GoogleAPITest" name="createPlaceTest" time="1.11"/>
  <testcase classname="googleAPITest.GoogleAPITest" name="getPlaceTest" time="1.026"/>
  <testcase classname="googleAPITest.GoogleAPITest" name="updatePlaceTest" time="1.582"/>
  <testcase classname="googleAPITest.GoogleAPITest" name="deletePlaceTest" time="1.297"/>
  <testcase classname="googleAPITest.GoogleAPITest" name="getPlaceAfterdeletTest" time="0.92"/>
</testsuite> <!-- Test -->
